#
# A fatal error has been detected by the Java Runtime Environment:
#
#  SIGSEGV (0xb) at pc=0x00007b62ac6dec5f, pid=7273, tid=7291
#
# JRE version:  (21.0.6+7) (build )
# Java VM: OpenJDK 64-Bit Server VM (21.0.6+7-Ubuntu-124.04.1, mixed mode, sharing, tiered, compressed oops, compressed class ptrs, g1 gc, linux-amd64)
# Problematic frame:
# V  [libjvm.so+0x8dec5f]  InstanceKlass::restore_unshareable_info(ClassLoaderData*, Handle, PackageEntry*, JavaThread*)+0x5f
#
# Core dump will be written. Default location: Core dumps may be processed with "/usr/lib/systemd/systemd-coredump %P %u %g %s %t 9223372036854775808 %h" (or dumping to /home/edu/IPC2-2025/LENGUAJES/Analizador-3/AnalizadorLexico/core.7273)
#
#

---------------  S U M M A R Y ------------

Command Line: -Dclassworlds.conf=/usr/lib/apache-netbeans/java/maven/bin/m2.conf -Dmaven.home=/usr/lib/apache-netbeans/java/maven -Dlibrary.jansi.path=/usr/lib/apache-netbeans/java/maven/lib/jansi-native -Dmaven.multiModuleProjectDirectory=/home/edu/IPC2-2025/LENGUAJES/Analizador-3/AnalizadorLexico org.codehaus.plexus.classworlds.launcher.Launcher -Dexec.vmArgs= -Dexec.args=${exec.vmArgs} -classpath %classpath ${exec.mainClass} ${exec.appArgs} -Dexec.appArgs= -Dexec.mainClass=com.mycompany.analizadorlexico.AnalizadorLexico -Dexec.executable=/usr/lib/jvm/java-21-openjdk-amd64/bin/java -Dmaven.ext.class.path=/usr/lib/apache-netbeans/java/maven-nblib/netbeans-eventspy.jar --no-transfer-progress process-classes org.codehaus.mojo:exec-maven-plugin:3.1.0:exec

Host: Intel(R) Core(TM) i5-10400 CPU @ 2.90GHz, 12 cores, 7G, Linux Mint 22.1 Xia
Time: Sun Nov  2 23:45:56 2025 CST elapsed time: 0.011462 seconds (0d 0h 0m 0s)

---------------  T H R E A D  ---------------

Current thread (0x00007b62a4019820):  JavaThread "Unknown thread" [_thread_in_vm, id=7291, stack(0x00007b62ab900000,0x00007b62aba00000) (1024K)]

Stack: [0x00007b62ab900000,0x00007b62aba00000],  sp=0x00007b62ab9fe020,  free space=1016k
Native frames: (J=compiled Java code, j=interpreted, Vv=VM code, C=native code)
V  [libjvm.so+0x8dec5f]  InstanceKlass::restore_unshareable_info(ClassLoaderData*, Handle, PackageEntry*, JavaThread*)+0x5f
V  [libjvm.so+0xf4337d]  SystemDictionary::load_shared_class(InstanceKlass*, Handle, Handle, ClassFileStream const*, PackageEntry*, JavaThread*)+0x17d
V  [libjvm.so+0xf43a04]  SystemDictionary::load_instance_class_impl(Symbol*, Handle, JavaThread*)+0x4f4
V  [libjvm.so+0xf41c20]  SystemDictionary::load_instance_class(Symbol*, Handle, JavaThread*)+0x20
V  [libjvm.so+0xf42198]  SystemDictionary::resolve_instance_class_or_null(Symbol*, Handle, Handle, JavaThread*)+0x438
V  [libjvm.so+0xf42e39]  SystemDictionary::resolve_super_or_fail(Symbol*, Symbol*, Handle, Handle, bool, JavaThread*)+0x359
V  [libjvm.so+0xf43067]  SystemDictionary::check_shared_class_super_type(InstanceKlass*, InstanceKlass*, Handle, Handle, bool, JavaThread*)+0xc7
V  [libjvm.so+0xf430ef]  SystemDictionary::check_shared_class_super_types(InstanceKlass*, Handle, Handle, JavaThread*)+0x3f
V  [libjvm.so+0xf432e7]  SystemDictionary::load_shared_class(InstanceKlass*, Handle, Handle, ClassFileStream const*, PackageEntry*, JavaThread*)+0xe7
V  [libjvm.so+0xf43a04]  SystemDictionary::load_instance_class_impl(Symbol*, Handle, JavaThread*)+0x4f4
V  [libjvm.so+0xf41c20]  SystemDictionary::load_instance_class(Symbol*, Handle, JavaThread*)+0x20
V  [libjvm.so+0xf42198]  SystemDictionary::resolve_instance_class_or_null(Symbol*, Handle, Handle, JavaThread*)+0x438
V  [libjvm.so+0x8bf5b0]  HeapShared::resolve_or_init_classes_for_subgraph_of(Klass*, bool, JavaThread*)+0x210
V  [libjvm.so+0x8bf7f9]  HeapShared::resolve_classes_for_subgraphs(JavaThread*, ArchivableStaticFieldInfo*)+0x79
V  [libjvm.so+0x8bf8c7]  HeapShared::resolve_classes(JavaThread*)+0x37
V  [libjvm.so+0xfb00c4]  Universe::genesis(JavaThread*)+0xa4
V  [libjvm.so+0xfb17e7]  universe2_init()+0x27
V  [libjvm.so+0x8d674d]  init_globals2()+0xd
V  [libjvm.so+0xf9136a]  Threads::create_vm(JavaVMInitArgs*, bool*)+0x2ba
V  [libjvm.so+0x9b0f23]  JNI_CreateJavaVM+0x53
C  [libjli.so+0x4673]  JavaMain+0x93
C  [libjli.so+0x846d]  ThreadJavaMain+0xd
C  [libc.so.6+0x9ca94]

siginfo: si_signo: 11 (SIGSEGV), si_code: 1 (SEGV_MAPERR), si_addr: 0x00007b602fb454f0

Registers:
RAX=0x00007b62a4019fa0, RBX=0x00007b62a4019820, RCX=0x0000000000000000, RDX=0x0000000000000000
RSP=0x00007b62ab9fe020, RBP=0x00007b62ab9fe070, RSI=0x0000000000000000, RDI=0x00007b62ad319700
R8 =0x00007b62a4019820, R9 =0x0000000000000000, R10=0x00007b622f142bb8, R11=0x00007b622fb454d0
R12=0x00007b602fb454f0, R13=0x00007b622f142bb8, R14=0x0000000000000000, R15=0x0000000000000000
RIP=0x00007b62ac6dec5f, EFLAGS=0x0000000000010246, CSGSFS=0x002b000000000033, ERR=0x0000000000000004
  TRAPNO=0x000000000000000e

XMM[0]=0x00007b62a4019820 0x00007b62ab9fdee0
XMM[1]=0x00007b62a4019fa0 0x00007b62a4019f90
XMM[2]=0x00000000000000ff 0xffffffffffffffff
XMM[3]=0x00007b622f037100 0x00007b622f0259b0
XMM[4]=0x0000023e0000023d 0x0000023c0000023b
XMM[5]=0x0000025800000257 0x0000025600000255
XMM[6]=0x000002500000024f 0x0000024e0000024d
XMM[7]=0x0000024800000247 0x0000024600000245
XMM[8]=0x000002400000023f 0x0000023e0000023d
XMM[9]=0x0020202020202020 0x2000202020202020
XMM[10]=0x3f3f3f3f3f3f3f3f 0x3f3f3f3f3f3f3f3f
XMM[11]=0x9999999999999999 0x9999999999999999
XMM[12]=0x2020202020202020 0x2020202020202020
XMM[13]=0x0000000000000000 0x0000000000000000
XMM[14]=0x0000000000000000 0x0000000000000000
XMM[15]=0x0000000000000000 0x0000000000000000
  MXCSR=0x00001fa0


Top of Stack: (sp=0x00007b62ab9fe020)
0x00007b62ab9fe020:   00007b62ab9fe060 00007b622f47dab8
0x00007b62ab9fe030:   00007b622fb454d8 0000000000000000
0x00007b62ab9fe040:   00007b62a4000030 00007b622f142bb8
0x00007b62ab9fe050:   00007b622f142bb8 00007b62a4019820
0x00007b62ab9fe060:   0000000000000000 0000000000000000
0x00007b62ab9fe070:   00007b62ab9fe130 00007b62acd4337d
0x00007b62ab9fe080:   00007b62ab9fe0c0 00007b62ab9fe0a0
0x00007b62ab9fe090:   00007b62a4129760 00007b622f4723b0
0x00007b62ab9fe0a0:   00007b62a4019820 0000000000000000
0x00007b62ab9fe0b0:   00007b622fc722d4 00007b62ad3196f8
0x00007b62ab9fe0c0:   00007b62a4019820 00007b62a40079a0
0x00007b62ab9fe0d0:   00007b62a40237b0 00007b62a4023c70
0x00007b62ab9fe0e0:   00007b62a402b798 00000000000080b0
0x00007b62ab9fe0f0:   00007b62ab9fe320 00007b62a4019820
0x00007b62ab9fe100:   00007b62a4007a00 00007b62a4019820
0x00007b62ab9fe110:   00007b62a4007a00 0000000000000000
0x00007b62ab9fe120:   00007b62ab9fe1a0 00007b62a4019f90
0x00007b62ab9fe130:   00007b62ab9fe220 00007b62acd43a04
0x00007b62ab9fe140:   00007b62ab9fe260 00007b622f142bb8
0x00007b62ab9fe150:   00007b6200000000 00007b622f4a0190
0x00007b62ab9fe160:   00000000000003d8 00007b62a401a378
0x00007b62ab9fe170:   00007b62a4019f90 00007b62a4019fa0
0x00007b62ab9fe180:   00007b62a4019fa0 00007b622f4a2c18
0x00007b62ab9fe190:   00007b62ab9fe640 00007b62ad345adc
0x00007b62ab9fe1a0:   0000000000000000 00000000008a13d4
0x00007b62ab9fe1b0:   0000000000000001 00007b62a4022aa0
0x00007b62ab9fe1c0:   00007b62ab9fe640 0000000000000004
0x00007b62ab9fe1d0:   00007b62ace16ea0 0000000000000000
0x00007b62ab9fe1e0:   00007b6293d8aa80 0000000000000003
0x00007b62ab9fe1f0:   0000000000000002 00007b62a4019820
0x00007b62ab9fe200:   00007b62a4019820 0000000000000000
0x00007b62ab9fe210:   00007b62a4129760 0000000000000000 

Instructions: (pc=0x00007b62ac6dec5f)
0x00007b62ac6deb5f:   0f 6f 45 90 49 83 3c 24 00 74 1d 48 8b 75 b0 4c
0x00007b62ac6deb6f:   89 f7 0f 29 45 a0 e8 56 b9 b5 ff 4c 89 e7 e8 3e
0x00007b62ac6deb7f:   b0 b5 ff 66 0f 6f 45 a0 48 8b 45 c8 49 39 46 18
0x00007b62ac6deb8f:   74 0d 48 8b 45 b8 41 0f 11 46 10 49 89 46 20 48
0x00007b62ac6deb9f:   8b 93 88 01 00 00 8b 0a 4c 89 f8 44 39 f9 0f 8f
0x00007b62ac6debaf:   2d fe ff ff 48 83 c4 48 5b 41 5c 41 5d 41 5e 41
0x00007b62ac6debbf:   5f 5d c3 66 0f 1f 44 00 00 31 c0 45 85 d2 0f 8f
0x00007b62ac6debcf:   7a fe ff ff 0f 1f 44 00 00 45 31 ed e9 7e fe ff
0x00007b62ac6debdf:   ff f3 0f 1e fa 48 83 bf 88 01 00 00 00 74 0a e9
0x00007b62ac6debef:   bd fd ff ff 0f 1f 44 00 00 c3 90 66 0f 1f 44 00
0x00007b62ac6debff:   00 f3 0f 1e fa 55 48 89 e5 41 56 49 89 d6 48 89
0x00007b62ac6dec0f:   ca 41 55 4c 89 c1 49 89 fd 41 54 49 89 f4 53 4c
0x00007b62ac6dec1f:   89 c3 48 83 ec 30 e8 d6 f9 ff ff 48 83 7b 08 00
0x00007b62ac6dec2f:   74 0f 48 83 c4 30 5b 41 5c 41 5d 41 5e 5d c3 66
0x00007b62ac6dec3f:   90 48 89 d9 4c 89 f2 4c 89 e6 4c 89 ef e8 bf 9c
0x00007b62ac6dec4f:   26 00 48 83 7b 08 00 75 d9 4d 8b a5 80 01 00 00
0x00007b62ac6dec5f:   49 63 04 24 4d 8d 34 c4 85 c0 7e 22 0f 1f 44 00
0x00007b62ac6dec6f:   00 49 8b 7c 24 08 48 89 de e8 a3 e5 39 00 48 83
0x00007b62ac6dec7f:   7b 08 00 75 ad 49 83 c4 08 4d 39 e6 75 e3 48 8d
0x00007b62ac6dec8f:   05 ec a0 c2 00 48 83 38 00 74 52 49 83 bd 88 01
0x00007b62ac6dec9f:   00 00 00 c6 45 bf 00 74 0c 48 8d 75 bf 4c 89 ef
0x00007b62ac6decaf:   e8 fc fc ff ff 41 8b 85 a0 00 00 00 4c 8d 65 c0
0x00007b62ac6decbf:   31 f6 4c 89 6d c0 4c 89 e7 c7 45 c8 c0 01 00 00
0x00007b62ac6deccf:   89 45 cc e8 c9 e8 26 00 4c 89 ee 4c 89 e7 e8 8e
0x00007b62ac6decdf:   ca 26 00 31 f6 4c 89 e7 e8 e4 cd 26 00 49 8b bd
0x00007b62ac6decef:   d0 00 00 00 48 89 de e8 85 f4 da ff 48 83 7b 08
0x00007b62ac6decff:   00 0f 85 2b ff ff ff 49 8b 85 c8 00 00 00 48 85
0x00007b62ac6ded0f:   c0 74 41 48 8d 05 d7 a6 c3 00 4c 8b 20 4d 85 e4
0x00007b62ac6ded1f:   74 61 4c 89 e7 e8 b7 07 3d 00 48 8d 05 20 2f c1
0x00007b62ac6ded2f:   00 31 d2 48 89 d9 49 8b bd c8 00 00 00 48 8b 30
0x00007b62ac6ded3f:   e8 fc 72 b6 ff 48 83 7b 08 00 4c 89 e7 75 5b e8
0x00007b62ac6ded4f:   5d 09 3d 00 48 8d 05 8a f2 c1 00 8b 00 85 c0 0f 



---------------  P R O C E S S  ---------------

Threads class SMR info:
_java_thread_list=0x00007b62a4139170, length=1, elements={
0x00007b62a4019820
}

Java Threads: ( => current thread )
=>0x00007b62a4019820 JavaThread "Unknown thread"             [_thread_in_vm, id=7291, stack(0x00007b62ab900000,0x00007b62aba00000) (1024K)]
Total: 1

Other Threads:
  0x00007b62a4138290 WatcherThread "VM Periodic Task Thread"        [id=7297, stack(0x00007b6285cfe000,0x00007b6285dfe000) (1024K)]
  0x00007b62a40710d0 WorkerThread "GC Thread#0"                     [id=7292, stack(0x00007b62aac20000,0x00007b62aad20000) (1024K)]
  0x00007b62a4081a40 ConcurrentGCThread "G1 Main Marker"            [id=7293, stack(0x00007b62aa300000,0x00007b62aa400000) (1024K)]
  0x00007b62a40829f0 WorkerThread "G1 Conc#0"                       [id=7294, stack(0x00007b62a8300000,0x00007b62a8400000) (1024K)]
  0x00007b62a411c9b0 ConcurrentGCThread "G1 Refine#0"               [id=7295, stack(0x00007b6285f00000,0x00007b6286000000) (1024K)]
  0x00007b62a411d970 ConcurrentGCThread "G1 Service"                [id=7296, stack(0x00007b6285dff000,0x00007b6285eff000) (1024K)]
Total: 6

Threads with active compile tasks:
Total: 0

VM state: not at safepoint (not fully initialized)

VM Mutex/Monitor currently owned by a thread: None

Heap address: 0x0000000086600000, size: 1946 MB, Compressed Oops mode: 32-bit

CDS archive(s) mapped at: [0x00007b622f000000-0x00007b622fc97000-0x00007b622fc97000), size 13201408, SharedBaseAddress: 0x00007b622f000000, ArchiveRelocationMode: 1.
Compressed class space mapped at: 0x00007b6230000000-0x00007b6270000000, reserved size: 1073741824
Narrow klass base: 0x00007b622f000000, Narrow klass shift: 0, Narrow klass range: 0x100000000

GC Precious Log:
 CardTable entry size: 512
 Card Set container configuration: InlinePtr #cards 5 size 8 Array Of Cards #cards 12 size 40 Howl #buckets 4 coarsen threshold 1843 Howl Bitmap #cards 512 size 80 coarsen threshold 460 Card regions per heap region 1 cards per card region 2048
 CPUs: 12 total, 12 available
 Memory: 7776M
 Large Page Support: Disabled
 NUMA Support: Disabled
 Compressed Oops: Enabled (32-bit)
 Heap Region Size: 1M
 Heap Min Capacity: 8M
 Heap Initial Capacity: 122M
 Heap Max Capacity: 1946M
 Pre-touch: Disabled
 Parallel Workers: 10
 Concurrent Workers: 3
 Concurrent Refinement Workers: 10
 Periodic GC: Disabled

Heap:
 garbage-first heap   total 126976K, used 1073K [0x0000000086600000, 0x0000000100000000)
  region size 1024K, 1 young (1024K), 0 survivors (0K)
 Metaspace       used 0K, committed 0K, reserved 1048576K
  class space    used 0K, committed 0K, reserved 1048576K

Heap Regions: E=young(eden), S=young(survivor), O=old, HS=humongous(starts), HC=humongous(continues), CS=collection set, F=free, TAMS=top-at-mark-start, PB=parsable bottom
|   0|0x0000000086600000, 0x0000000086600000, 0x0000000086700000|  0%| F|  |TAMS 0x0000000086600000| PB 0x0000000086600000| Untracked 
|   1|0x0000000086700000, 0x0000000086700000, 0x0000000086800000|  0%| F|  |TAMS 0x0000000086700000| PB 0x0000000086700000| Untracked 
|   2|0x0000000086800000, 0x0000000086800000, 0x0000000086900000|  0%| F|  |TAMS 0x0000000086800000| PB 0x0000000086800000| Untracked 
|   3|0x0000000086900000, 0x0000000086900000, 0x0000000086a00000|  0%| F|  |TAMS 0x0000000086900000| PB 0x0000000086900000| Untracked 
|   4|0x0000000086a00000, 0x0000000086a00000, 0x0000000086b00000|  0%| F|  |TAMS 0x0000000086a00000| PB 0x0000000086a00000| Untracked 
|   5|0x0000000086b00000, 0x0000000086b00000, 0x0000000086c00000|  0%| F|  |TAMS 0x0000000086b00000| PB 0x0000000086b00000| Untracked 
|   6|0x0000000086c00000, 0x0000000086c00000, 0x0000000086d00000|  0%| F|  |TAMS 0x0000000086c00000| PB 0x0000000086c00000| Untracked 
|   7|0x0000000086d00000, 0x0000000086d00000, 0x0000000086e00000|  0%| F|  |TAMS 0x0000000086d00000| PB 0x0000000086d00000| Untracked 
|   8|0x0000000086e00000, 0x0000000086e00000, 0x0000000086f00000|  0%| F|  |TAMS 0x0000000086e00000| PB 0x0000000086e00000| Untracked 
|   9|0x0000000086f00000, 0x0000000086f00000, 0x0000000087000000|  0%| F|  |TAMS 0x0000000086f00000| PB 0x0000000086f00000| Untracked 
|  10|0x0000000087000000, 0x0000000087000000, 0x0000000087100000|  0%| F|  |TAMS 0x0000000087000000| PB 0x0000000087000000| Untracked 
|  11|0x0000000087100000, 0x0000000087100000, 0x0000000087200000|  0%| F|  |TAMS 0x0000000087100000| PB 0x0000000087100000| Untracked 
|  12|0x0000000087200000, 0x0000000087200000, 0x0000000087300000|  0%| F|  |TAMS 0x0000000087200000| PB 0x0000000087200000| Untracked 
|  13|0x0000000087300000, 0x0000000087300000, 0x0000000087400000|  0%| F|  |TAMS 0x0000000087300000| PB 0x0000000087300000| Untracked 
|  14|0x0000000087400000, 0x0000000087400000, 0x0000000087500000|  0%| F|  |TAMS 0x0000000087400000| PB 0x0000000087400000| Untracked 
|  15|0x0000000087500000, 0x0000000087500000, 0x0000000087600000|  0%| F|  |TAMS 0x0000000087500000| PB 0x0000000087500000| Untracked 
|  16|0x0000000087600000, 0x0000000087600000, 0x0000000087700000|  0%| F|  |TAMS 0x0000000087600000| PB 0x0000000087600000| Untracked 
|  17|0x0000000087700000, 0x0000000087700000, 0x0000000087800000|  0%| F|  |TAMS 0x0000000087700000| PB 0x0000000087700000| Untracked 
|  18|0x0000000087800000, 0x0000000087800000, 0x0000000087900000|  0%| F|  |TAMS 0x0000000087800000| PB 0x0000000087800000| Untracked 
|  19|0x0000000087900000, 0x0000000087900000, 0x0000000087a00000|  0%| F|  |TAMS 0x0000000087900000| PB 0x0000000087900000| Untracked 
|  20|0x0000000087a00000, 0x0000000087a00000, 0x0000000087b00000|  0%| F|  |TAMS 0x0000000087a00000| PB 0x0000000087a00000| Untracked 
|  21|0x0000000087b00000, 0x0000000087b00000, 0x0000000087c00000|  0%| F|  |TAMS 0x0000000087b00000| PB 0x0000000087b00000| Untracked 
|  22|0x0000000087c00000, 0x0000000087c00000, 0x0000000087d00000|  0%| F|  |TAMS 0x0000000087c00000| PB 0x0000000087c00000| Untracked 
|  23|0x0000000087d00000, 0x0000000087d00000, 0x0000000087e00000|  0%| F|  |TAMS 0x0000000087d00000| PB 0x0000000087d00000| Untracked 
|  24|0x0000000087e00000, 0x0000000087e00000, 0x0000000087f00000|  0%| F|  |TAMS 0x0000000087e00000| PB 0x0000000087e00000| Untracked 
|  25|0x0000000087f00000, 0x0000000087f00000, 0x0000000088000000|  0%| F|  |TAMS 0x0000000087f00000| PB 0x0000000087f00000| Untracked 
|  26|0x0000000088000000, 0x0000000088000000, 0x0000000088100000|  0%| F|  |TAMS 0x0000000088000000| PB 0x0000000088000000| Untracked 
|  27|0x0000000088100000, 0x0000000088100000, 0x0000000088200000|  0%| F|  |TAMS 0x0000000088100000| PB 0x0000000088100000| Untracked 
|  28|0x0000000088200000, 0x0000000088200000, 0x0000000088300000|  0%| F|  |TAMS 0x0000000088200000| PB 0x0000000088200000| Untracked 
|  29|0x0000000088300000, 0x0000000088300000, 0x0000000088400000|  0%| F|  |TAMS 0x0000000088300000| PB 0x0000000088300000| Untracked 
|  30|0x0000000088400000, 0x0000000088400000, 0x0000000088500000|  0%| F|  |TAMS 0x0000000088400000| PB 0x0000000088400000| Untracked 
|  31|0x0000000088500000, 0x0000000088500000, 0x0000000088600000|  0%| F|  |TAMS 0x0000000088500000| PB 0x0000000088500000| Untracked 
|  32|0x0000000088600000, 0x0000000088600000, 0x0000000088700000|  0%| F|  |TAMS 0x0000000088600000| PB 0x0000000088600000| Untracked 
|  33|0x0000000088700000, 0x0000000088700000, 0x0000000088800000|  0%| F|  |TAMS 0x0000000088700000| PB 0x0000000088700000| Untracked 
|  34|0x0000000088800000, 0x0000000088800000, 0x0000000088900000|  0%| F|  |TAMS 0x0000000088800000| PB 0x0000000088800000| Untracked 
|  35|0x0000000088900000, 0x0000000088900000, 0x0000000088a00000|  0%| F|  |TAMS 0x0000000088900000| PB 0x0000000088900000| Untracked 
|  36|0x0000000088a00000, 0x0000000088a00000, 0x0000000088b00000|  0%| F|  |TAMS 0x0000000088a00000| PB 0x0000000088a00000| Untracked 
|  37|0x0000000088b00000, 0x0000000088b00000, 0x0000000088c00000|  0%| F|  |TAMS 0x0000000088b00000| PB 0x0000000088b00000| Untracked 
|  38|0x0000000088c00000, 0x0000000088c00000, 0x0000000088d00000|  0%| F|  |TAMS 0x0000000088c00000| PB 0x0000000088c00000| Untracked 
|  39|0x0000000088d00000, 0x0000000088d00000, 0x0000000088e00000|  0%| F|  |TAMS 0x0000000088d00000| PB 0x0000000088d00000| Untracked 
|  40|0x0000000088e00000, 0x0000000088e00000, 0x0000000088f00000|  0%| F|  |TAMS 0x0000000088e00000| PB 0x0000000088e00000| Untracked 
|  41|0x0000000088f00000, 0x0000000088f00000, 0x0000000089000000|  0%| F|  |TAMS 0x0000000088f00000| PB 0x0000000088f00000| Untracked 
|  42|0x0000000089000000, 0x0000000089000000, 0x0000000089100000|  0%| F|  |TAMS 0x0000000089000000| PB 0x0000000089000000| Untracked 
|  43|0x0000000089100000, 0x0000000089100000, 0x0000000089200000|  0%| F|  |TAMS 0x0000000089100000| PB 0x0000000089100000| Untracked 
|  44|0x0000000089200000, 0x0000000089200000, 0x0000000089300000|  0%| F|  |TAMS 0x0000000089200000| PB 0x0000000089200000| Untracked 
|  45|0x0000000089300000, 0x0000000089300000, 0x0000000089400000|  0%| F|  |TAMS 0x0000000089300000| PB 0x0000000089300000| Untracked 
|  46|0x0000000089400000, 0x0000000089400000, 0x0000000089500000|  0%| F|  |TAMS 0x0000000089400000| PB 0x0000000089400000| Untracked 
|  47|0x0000000089500000, 0x0000000089500000, 0x0000000089600000|  0%| F|  |TAMS 0x0000000089500000| PB 0x0000000089500000| Untracked 
|  48|0x0000000089600000, 0x0000000089600000, 0x0000000089700000|  0%| F|  |TAMS 0x0000000089600000| PB 0x0000000089600000| Untracked 
|  49|0x0000000089700000, 0x0000000089700000, 0x0000000089800000|  0%| F|  |TAMS 0x0000000089700000| PB 0x0000000089700000| Untracked 
|  50|0x0000000089800000, 0x0000000089800000, 0x0000000089900000|  0%| F|  |TAMS 0x0000000089800000| PB 0x0000000089800000| Untracked 
|  51|0x0000000089900000, 0x0000000089900000, 0x0000000089a00000|  0%| F|  |TAMS 0x0000000089900000| PB 0x0000000089900000| Untracked 
|  52|0x0000000089a00000, 0x0000000089a00000, 0x0000000089b00000|  0%| F|  |TAMS 0x0000000089a00000| PB 0x0000000089a00000| Untracked 
|  53|0x0000000089b00000, 0x0000000089b00000, 0x0000000089c00000|  0%| F|  |TAMS 0x0000000089b00000| PB 0x0000000089b00000| Untracked 
|  54|0x0000000089c00000, 0x0000000089c00000, 0x0000000089d00000|  0%| F|  |TAMS 0x0000000089c00000| PB 0x0000000089c00000| Untracked 
|  55|0x0000000089d00000, 0x0000000089d00000, 0x0000000089e00000|  0%| F|  |TAMS 0x0000000089d00000| PB 0x0000000089d00000| Untracked 
|  56|0x0000000089e00000, 0x0000000089e00000, 0x0000000089f00000|  0%| F|  |TAMS 0x0000000089e00000| PB 0x0000000089e00000| Untracked 
|  57|0x0000000089f00000, 0x0000000089f00000, 0x000000008a000000|  0%| F|  |TAMS 0x0000000089f00000| PB 0x0000000089f00000| Untracked 
|  58|0x000000008a000000, 0x000000008a000000, 0x000000008a100000|  0%| F|  |TAMS 0x000000008a000000| PB 0x000000008a000000| Untracked 
|  59|0x000000008a100000, 0x000000008a100000, 0x000000008a200000|  0%| F|  |TAMS 0x000000008a100000| PB 0x000000008a100000| Untracked 
|  60|0x000000008a200000, 0x000000008a200000, 0x000000008a300000|  0%| F|  |TAMS 0x000000008a200000| PB 0x000000008a200000| Untracked 
|  61|0x000000008a300000, 0x000000008a300000, 0x000000008a400000|  0%| F|  |TAMS 0x000000008a300000| PB 0x000000008a300000| Untracked 
|  62|0x000000008a400000, 0x000000008a400000, 0x000000008a500000|  0%| F|  |TAMS 0x000000008a400000| PB 0x000000008a400000| Untracked 
|  63|0x000000008a500000, 0x000000008a500000, 0x000000008a600000|  0%| F|  |TAMS 0x000000008a500000| PB 0x000000008a500000| Untracked 
|  64|0x000000008a600000, 0x000000008a600000, 0x000000008a700000|  0%| F|  |TAMS 0x000000008a600000| PB 0x000000008a600000| Untracked 
|  65|0x000000008a700000, 0x000000008a700000, 0x000000008a800000|  0%| F|  |TAMS 0x000000008a700000| PB 0x000000008a700000| Untracked 
|  66|0x000000008a800000, 0x000000008a800000, 0x000000008a900000|  0%| F|  |TAMS 0x000000008a800000| PB 0x000000008a800000| Untracked 
|  67|0x000000008a900000, 0x000000008a900000, 0x000000008aa00000|  0%| F|  |TAMS 0x000000008a900000| PB 0x000000008a900000| Untracked 
|  68|0x000000008aa00000, 0x000000008aa00000, 0x000000008ab00000|  0%| F|  |TAMS 0x000000008aa00000| PB 0x000000008aa00000| Untracked 
|  69|0x000000008ab00000, 0x000000008ab00000, 0x000000008ac00000|  0%| F|  |TAMS 0x000000008ab00000| PB 0x000000008ab00000| Untracked 
|  70|0x000000008ac00000, 0x000000008ac00000, 0x000000008ad00000|  0%| F|  |TAMS 0x000000008ac00000| PB 0x000000008ac00000| Untracked 
|  71|0x000000008ad00000, 0x000000008ad00000, 0x000000008ae00000|  0%| F|  |TAMS 0x000000008ad00000| PB 0x000000008ad00000| Untracked 
|  72|0x000000008ae00000, 0x000000008ae00000, 0x000000008af00000|  0%| F|  |TAMS 0x000000008ae00000| PB 0x000000008ae00000| Untracked 
|  73|0x000000008af00000, 0x000000008af00000, 0x000000008b000000|  0%| F|  |TAMS 0x000000008af00000| PB 0x000000008af00000| Untracked 
|  74|0x000000008b000000, 0x000000008b000000, 0x000000008b100000|  0%| F|  |TAMS 0x000000008b000000| PB 0x000000008b000000| Untracked 
|  75|0x000000008b100000, 0x000000008b100000, 0x000000008b200000|  0%| F|  |TAMS 0x000000008b100000| PB 0x000000008b100000| Untracked 
|  76|0x000000008b200000, 0x000000008b200000, 0x000000008b300000|  0%| F|  |TAMS 0x000000008b200000| PB 0x000000008b200000| Untracked 
|  77|0x000000008b300000, 0x000000008b300000, 0x000000008b400000|  0%| F|  |TAMS 0x000000008b300000| PB 0x000000008b300000| Untracked 
|  78|0x000000008b400000, 0x000000008b400000, 0x000000008b500000|  0%| F|  |TAMS 0x000000008b400000| PB 0x000000008b400000| Untracked 
|  79|0x000000008b500000, 0x000000008b500000, 0x000000008b600000|  0%| F|  |TAMS 0x000000008b500000| PB 0x000000008b500000| Untracked 
|  80|0x000000008b600000, 0x000000008b600000, 0x000000008b700000|  0%| F|  |TAMS 0x000000008b600000| PB 0x000000008b600000| Untracked 
|  81|0x000000008b700000, 0x000000008b700000, 0x000000008b800000|  0%| F|  |TAMS 0x000000008b700000| PB 0x000000008b700000| Untracked 
|  82|0x000000008b800000, 0x000000008b800000, 0x000000008b900000|  0%| F|  |TAMS 0x000000008b800000| PB 0x000000008b800000| Untracked 
|  83|0x000000008b900000, 0x000000008b900000, 0x000000008ba00000|  0%| F|  |TAMS 0x000000008b900000| PB 0x000000008b900000| Untracked 
|  84|0x000000008ba00000, 0x000000008ba00000, 0x000000008bb00000|  0%| F|  |TAMS 0x000000008ba00000| PB 0x000000008ba00000| Untracked 
|  85|0x000000008bb00000, 0x000000008bb00000, 0x000000008bc00000|  0%| F|  |TAMS 0x000000008bb00000| PB 0x000000008bb00000| Untracked 
|  86|0x000000008bc00000, 0x000000008bc00000, 0x000000008bd00000|  0%| F|  |TAMS 0x000000008bc00000| PB 0x000000008bc00000| Untracked 
|  87|0x000000008bd00000, 0x000000008bd00000, 0x000000008be00000|  0%| F|  |TAMS 0x000000008bd00000| PB 0x000000008bd00000| Untracked 
|  88|0x000000008be00000, 0x000000008be00000, 0x000000008bf00000|  0%| F|  |TAMS 0x000000008be00000| PB 0x000000008be00000| Untracked 
|  89|0x000000008bf00000, 0x000000008bf00000, 0x000000008c000000|  0%| F|  |TAMS 0x000000008bf00000| PB 0x000000008bf00000| Untracked 
|  90|0x000000008c000000, 0x000000008c000000, 0x000000008c100000|  0%| F|  |TAMS 0x000000008c000000| PB 0x000000008c000000| Untracked 
|  91|0x000000008c100000, 0x000000008c100000, 0x000000008c200000|  0%| F|  |TAMS 0x000000008c100000| PB 0x000000008c100000| Untracked 
|  92|0x000000008c200000, 0x000000008c200000, 0x000000008c300000|  0%| F|  |TAMS 0x000000008c200000| PB 0x000000008c200000| Untracked 
|  93|0x000000008c300000, 0x000000008c300000, 0x000000008c400000|  0%| F|  |TAMS 0x000000008c300000| PB 0x000000008c300000| Untracked 
|  94|0x000000008c400000, 0x000000008c400000, 0x000000008c500000|  0%| F|  |TAMS 0x000000008c400000| PB 0x000000008c400000| Untracked 
|  95|0x000000008c500000, 0x000000008c500000, 0x000000008c600000|  0%| F|  |TAMS 0x000000008c500000| PB 0x000000008c500000| Untracked 
|  96|0x000000008c600000, 0x000000008c600000, 0x000000008c700000|  0%| F|  |TAMS 0x000000008c600000| PB 0x000000008c600000| Untracked 
|  97|0x000000008c700000, 0x000000008c700000, 0x000000008c800000|  0%| F|  |TAMS 0x000000008c700000| PB 0x000000008c700000| Untracked 
|  98|0x000000008c800000, 0x000000008c800000, 0x000000008c900000|  0%| F|  |TAMS 0x000000008c800000| PB 0x000000008c800000| Untracked 
|  99|0x000000008c900000, 0x000000008c900000, 0x000000008ca00000|  0%| F|  |TAMS 0x000000008c900000| PB 0x000000008c900000| Untracked 
| 100|0x000000008ca00000, 0x000000008ca00000, 0x000000008cb00000|  0%| F|  |TAMS 0x000000008ca00000| PB 0x000000008ca00000| Untracked 
| 101|0x000000008cb00000, 0x000000008cb00000, 0x000000008cc00000|  0%| F|  |TAMS 0x000000008cb00000| PB 0x000000008cb00000| Untracked 
| 102|0x000000008cc00000, 0x000000008cc00000, 0x000000008cd00000|  0%| F|  |TAMS 0x000000008cc00000| PB 0x000000008cc00000| Untracked 
| 103|0x000000008cd00000, 0x000000008cd00000, 0x000000008ce00000|  0%| F|  |TAMS 0x000000008cd00000| PB 0x000000008cd00000| Untracked 
| 104|0x000000008ce00000, 0x000000008ce00000, 0x000000008cf00000|  0%| F|  |TAMS 0x000000008ce00000| PB 0x000000008ce00000| Untracked 
| 105|0x000000008cf00000, 0x000000008cf00000, 0x000000008d000000|  0%| F|  |TAMS 0x000000008cf00000| PB 0x000000008cf00000| Untracked 
| 106|0x000000008d000000, 0x000000008d000000, 0x000000008d100000|  0%| F|  |TAMS 0x000000008d000000| PB 0x000000008d000000| Untracked 
| 107|0x000000008d100000, 0x000000008d100000, 0x000000008d200000|  0%| F|  |TAMS 0x000000008d100000| PB 0x000000008d100000| Untracked 
| 108|0x000000008d200000, 0x000000008d200000, 0x000000008d300000|  0%| F|  |TAMS 0x000000008d200000| PB 0x000000008d200000| Untracked 
| 109|0x000000008d300000, 0x000000008d300000, 0x000000008d400000|  0%| F|  |TAMS 0x000000008d300000| PB 0x000000008d300000| Untracked 
| 110|0x000000008d400000, 0x000000008d400000, 0x000000008d500000|  0%| F|  |TAMS 0x000000008d400000| PB 0x000000008d400000| Untracked 
| 111|0x000000008d500000, 0x000000008d500000, 0x000000008d600000|  0%| F|  |TAMS 0x000000008d500000| PB 0x000000008d500000| Untracked 
| 112|0x000000008d600000, 0x000000008d600000, 0x000000008d700000|  0%| F|  |TAMS 0x000000008d600000| PB 0x000000008d600000| Untracked 
| 113|0x000000008d700000, 0x000000008d700000, 0x000000008d800000|  0%| F|  |TAMS 0x000000008d700000| PB 0x000000008d700000| Untracked 
| 114|0x000000008d800000, 0x000000008d800000, 0x000000008d900000|  0%| F|  |TAMS 0x000000008d800000| PB 0x000000008d800000| Untracked 
| 115|0x000000008d900000, 0x000000008d900000, 0x000000008da00000|  0%| F|  |TAMS 0x000000008d900000| PB 0x000000008d900000| Untracked 
| 116|0x000000008da00000, 0x000000008da00000, 0x000000008db00000|  0%| F|  |TAMS 0x000000008da00000| PB 0x000000008da00000| Untracked 
| 117|0x000000008db00000, 0x000000008db00000, 0x000000008dc00000|  0%| F|  |TAMS 0x000000008db00000| PB 0x000000008db00000| Untracked 
| 118|0x000000008dc00000, 0x000000008dc00000, 0x000000008dd00000|  0%| F|  |TAMS 0x000000008dc00000| PB 0x000000008dc00000| Untracked 
| 119|0x000000008dd00000, 0x000000008dd00000, 0x000000008de00000|  0%| F|  |TAMS 0x000000008dd00000| PB 0x000000008dd00000| Untracked 
| 120|0x000000008de00000, 0x000000008de00000, 0x000000008df00000|  0%| F|  |TAMS 0x000000008de00000| PB 0x000000008de00000| Untracked 
| 121|0x000000008df00000, 0x000000008df75c38, 0x000000008e000000| 46%| E|  |TAMS 0x000000008df00000| PB 0x000000008df00000| Complete 
|1944|0x00000000ffe00000, 0x00000000fff00000, 0x00000000fff00000|100%| O|  |TAMS 0x00000000ffe00000| PB 0x00000000ffe00000| Untracked 
|1945|0x00000000fff00000, 0x00000000fff0c710, 0x0000000100000000|  4%| O|  |TAMS 0x00000000fff00000| PB 0x00000000fff00000| Untracked 

Card table byte_map: [0x00007b62aa400000,0x00007b62aa7cd000] _byte_map_base: 0x00007b62a9fcd000

Marking Bits: (CMBitMap*) 0x00007b62a4071c00
 Bits: [0x00007b62a8400000, 0x00007b62aa268000)

GC Heap History (0 events):
No events

Dll operation events (1 events):
Event: 0.001 Loaded shared library /usr/lib/jvm/java-21-openjdk-amd64/lib/libjava.so

Deoptimization events (0 events):
No events

Classes loaded (0 events):
No events

Classes unloaded (0 events):
No events

Classes redefined (0 events):
No events

Internal exceptions (0 events):
No events

ZGC Phase Switch (0 events):
No events

VM Operations (0 events):
No events

Memory protections (1 events):
Event: 0.001 Protecting memory [0x00007b62ab900000,0x00007b62ab904000] with protection modes 0

Nmethod flushes (0 events):
No events

Events (1 events):
Event: 0.009 Thread 0x00007b62a4019820 Thread added: 0x00007b62a4019820


Dynamic libraries:
86600000-8e000000 rw-p 00000000 00:00 0 
8e000000-ffe00000 ---p 00000000 00:00 0 
ffe00000-fff0d000 rw-p 00cd6000 08:25 2543604                            /usr/lib/jvm/java-21-openjdk-amd64/lib/server/classes.jsa
fff0d000-100000000 rw-p 00000000 00:00 0 
64a543f17000-64a543f18000 r--p 00000000 08:25 2148401                    /usr/lib/jvm/java-21-openjdk-amd64/bin/java
64a543f18000-64a543f19000 r-xp 00001000 08:25 2148401                    /usr/lib/jvm/java-21-openjdk-amd64/bin/java
64a543f19000-64a543f1a000 r--p 00002000 08:25 2148401                    /usr/lib/jvm/java-21-openjdk-amd64/bin/java
64a543f1a000-64a543f1b000 r--p 00002000 08:25 2148401                    /usr/lib/jvm/java-21-openjdk-amd64/bin/java
64a543f1b000-64a543f1c000 rw-p 00003000 08:25 2148401                    /usr/lib/jvm/java-21-openjdk-amd64/bin/java
64a556c90000-64a556cd7000 rw-p 00000000 00:00 0                          [heap]
7b6228000000-7b6228021000 rw-p 00000000 00:00 0 
7b6228021000-7b622c000000 ---p 00000000 00:00 0 
7b622f000000-7b622fc97000 rw-p 00001000 08:25 2543604                    /usr/lib/jvm/java-21-openjdk-amd64/lib/server/classes.jsa
7b622fc97000-7b6270000000 ---p 00000000 00:00 0 
7b6270000000-7b6270021000 rw-p 00000000 00:00 0 
7b6270021000-7b6274000000 ---p 00000000 00:00 0 
7b6274000000-7b6274021000 rw-p 00000000 00:00 0 
7b6274021000-7b6278000000 ---p 00000000 00:00 0 
7b627c000000-7b627c021000 rw-p 00000000 00:00 0 
7b627c021000-7b6280000000 ---p 00000000 00:00 0 
7b6280000000-7b6280021000 rw-p 00000000 00:00 0 
7b6280021000-7b6284000000 ---p 00000000 00:00 0 
7b6285800000-7b6285ae2000 rw-p 00000000 00:00 0 
7b6285b7d000-7b6285cfd000 rw-p 00000000 00:00 0 
7b6285cfd000-7b6285cfe000 ---p 00000000 00:00 0 
7b6285cfe000-7b6285dfe000 rw-p 00000000 00:00 0 
7b6285dfe000-7b6285dff000 ---p 00000000 00:00 0 
7b6285dff000-7b6285eff000 rw-p 00000000 00:00 0 
7b6285eff000-7b6285f00000 ---p 00000000 00:00 0 
7b6285f00000-7b6286000000 rw-p 00000000 00:00 0 
7b6286000000-7b6288021000 rw-p 00000000 00:00 0 
7b6288021000-7b628c000000 ---p 00000000 00:00 0 
7b628c0f9000-7b628c800000 rw-p 00000000 00:00 0 
7b628c800000-7b628ca70000 rwxp 00000000 00:00 0 
7b628ca70000-7b6293d37000 ---p 00000000 00:00 0 
7b6293d37000-7b6293fa7000 rwxp 00000000 00:00 0 
7b6293fa7000-7b62942c9000 ---p 00000000 00:00 0 
7b62942c9000-7b6294539000 rwxp 00000000 00:00 0 
7b6294539000-7b629b800000 ---p 00000000 00:00 0 
7b629b800000-7b62a3e0d000 r--s 00000000 08:25 2543601                    /usr/lib/jvm/java-21-openjdk-amd64/lib/modules
7b62a3eff000-7b62a416b000 rw-p 00000000 00:00 0 
7b62a416b000-7b62a8000000 ---p 00000000 00:00 0 
7b62a807c000-7b62a82ff000 rw-p 00000000 00:00 0 
7b62a82ff000-7b62a8300000 ---p 00000000 00:00 0 
7b62a8300000-7b62a8400000 rw-p 00000000 00:00 0 
7b62a8400000-7b62a85e8000 rw-p 00000000 00:00 0 
7b62a85e8000-7b62aa260000 ---p 00000000 00:00 0 
7b62aa260000-7b62aa268000 rw-p 00000000 00:00 0 
7b62aa2a4000-7b62aa2ff000 rw-p 00000000 00:00 0 
7b62aa2ff000-7b62aa300000 ---p 00000000 00:00 0 
7b62aa300000-7b62aa400000 rw-p 00000000 00:00 0 
7b62aa400000-7b62aa43d000 rw-p 00000000 00:00 0 
7b62aa43d000-7b62aa7cc000 ---p 00000000 00:00 0 
7b62aa7cc000-7b62aa7cd000 rw-p 00000000 00:00 0 
7b62aa800000-7b62aa83d000 rw-p 00000000 00:00 0 
7b62aa83d000-7b62aabcc000 ---p 00000000 00:00 0 
7b62aabcc000-7b62aabcd000 rw-p 00000000 00:00 0 
7b62aac1f000-7b62aac20000 ---p 00000000 00:00 0 
7b62aac20000-7b62aad20000 rw-p 00000000 00:00 0 
7b62aad20000-7b62ab72f000 rw-p 00000000 00:00 0 
7b62ab72f000-7b62ab815000 ---p 00000000 00:00 0 
7b62ab815000-7b62ab81a000 rw-p 00000000 00:00 0 
7b62ab81a000-7b62ab900000 ---p 00000000 00:00 0 
7b62ab900000-7b62ab904000 ---p 00000000 00:00 0 
7b62ab904000-7b62aba00000 rw-p 00000000 00:00 0 
7b62aba00000-7b62aba9d000 r--p 00000000 08:25 1869011                    /usr/lib/x86_64-linux-gnu/libstdc++.so.6.0.33
7b62aba9d000-7b62abbe5000 r-xp 0009d000 08:25 1869011                    /usr/lib/x86_64-linux-gnu/libstdc++.so.6.0.33
7b62abbe5000-7b62abc6c000 r--p 001e5000 08:25 1869011                    /usr/lib/x86_64-linux-gnu/libstdc++.so.6.0.33
7b62abc6c000-7b62abc77000 r--p 0026b000 08:25 1869011                    /usr/lib/x86_64-linux-gnu/libstdc++.so.6.0.33
7b62abc77000-7b62abc7a000 rw-p 00276000 08:25 1869011                    /usr/lib/x86_64-linux-gnu/libstdc++.so.6.0.33
7b62abc7a000-7b62abc7e000 rw-p 00000000 00:00 0 
7b62abcd6000-7b62abd17000 rw-p 00000000 00:00 0 
7b62abd17000-7b62abd27000 r--p 00000000 08:25 1868504                    /usr/lib/x86_64-linux-gnu/libm.so.6
7b62abd27000-7b62abda6000 r-xp 00010000 08:25 1868504                    /usr/lib/x86_64-linux-gnu/libm.so.6
7b62abda6000-7b62abdfe000 r--p 0008f000 08:25 1868504                    /usr/lib/x86_64-linux-gnu/libm.so.6
7b62abdfe000-7b62abdff000 r--p 000e7000 08:25 1868504                    /usr/lib/x86_64-linux-gnu/libm.so.6
7b62abdff000-7b62abe00000 rw-p 000e8000 08:25 1868504                    /usr/lib/x86_64-linux-gnu/libm.so.6
7b62abe00000-7b62ac0a1000 r--p 00000000 08:25 2543607                    /usr/lib/jvm/java-21-openjdk-amd64/lib/server/libjvm.so
7b62ac0a1000-7b62acf0d000 r-xp 002a1000 08:25 2543607                    /usr/lib/jvm/java-21-openjdk-amd64/lib/server/libjvm.so
7b62acf0d000-7b62ad1e5000 r--p 0110d000 08:25 2543607                    /usr/lib/jvm/java-21-openjdk-amd64/lib/server/libjvm.so
7b62ad1e5000-7b62ad2b8000 r--p 013e5000 08:25 2543607                    /usr/lib/jvm/java-21-openjdk-amd64/lib/server/libjvm.so
7b62ad2b8000-7b62ad2e8000 rw-p 014b8000 08:25 2543607                    /usr/lib/jvm/java-21-openjdk-amd64/lib/server/libjvm.so
7b62ad2e8000-7b62ad34e000 rw-p 00000000 00:00 0 
7b62ad382000-7b62ad400000 rw-p 00000000 00:00 0 
7b62ad400000-7b62ad428000 r--p 00000000 08:25 1867753                    /usr/lib/x86_64-linux-gnu/libc.so.6
7b62ad428000-7b62ad5b0000 r-xp 00028000 08:25 1867753                    /usr/lib/x86_64-linux-gnu/libc.so.6
7b62ad5b0000-7b62ad5ff000 r--p 001b0000 08:25 1867753                    /usr/lib/x86_64-linux-gnu/libc.so.6
7b62ad5ff000-7b62ad603000 r--p 001fe000 08:25 1867753                    /usr/lib/x86_64-linux-gnu/libc.so.6
7b62ad603000-7b62ad605000 rw-p 00202000 08:25 1867753                    /usr/lib/x86_64-linux-gnu/libc.so.6
7b62ad605000-7b62ad612000 rw-p 00000000 00:00 0 
7b62ad63d000-7b62ad642000 rw-p 00000000 00:00 0 
7b62ad642000-7b62ad649000 ---p 00000000 00:00 0 
7b62ad649000-7b62ad656000 r--p 00000000 08:25 2543578                    /usr/lib/jvm/java-21-openjdk-amd64/lib/libjava.so
7b62ad656000-7b62ad665000 r-xp 0000d000 08:25 2543578                    /usr/lib/jvm/java-21-openjdk-amd64/lib/libjava.so
7b62ad665000-7b62ad66a000 r--p 0001c000 08:25 2543578                    /usr/lib/jvm/java-21-openjdk-amd64/lib/libjava.so
7b62ad66a000-7b62ad66b000 r--p 00021000 08:25 2543578                    /usr/lib/jvm/java-21-openjdk-amd64/lib/libjava.so
7b62ad66b000-7b62ad66c000 rw-p 00022000 08:25 2543578                    /usr/lib/jvm/java-21-openjdk-amd64/lib/libjava.so
7b62ad66c000-7b62ad66d000 rw-p 00000000 00:00 0 
7b62ad66d000-7b62ad671000 r--p 00000000 08:25 1868124                    /usr/lib/x86_64-linux-gnu/libgcc_s.so.1
7b62ad671000-7b62ad695000 r-xp 00004000 08:25 1868124                    /usr/lib/x86_64-linux-gnu/libgcc_s.so.1
7b62ad695000-7b62ad699000 r--p 00028000 08:25 1868124                    /usr/lib/x86_64-linux-gnu/libgcc_s.so.1
7b62ad699000-7b62ad69a000 r--p 0002b000 08:25 1868124                    /usr/lib/x86_64-linux-gnu/libgcc_s.so.1
7b62ad69a000-7b62ad69b000 rw-p 0002c000 08:25 1868124                    /usr/lib/x86_64-linux-gnu/libgcc_s.so.1
7b62ad69b000-7b62ad69d000 rw-p 00000000 00:00 0 
7b62ad69d000-7b62ad69f000 r--p 00000000 08:25 2543582                    /usr/lib/jvm/java-21-openjdk-amd64/lib/libjli.so
7b62ad69f000-7b62ad6a9000 r-xp 00002000 08:25 2543582                    /usr/lib/jvm/java-21-openjdk-amd64/lib/libjli.so
7b62ad6a9000-7b62ad6ac000 r--p 0000c000 08:25 2543582                    /usr/lib/jvm/java-21-openjdk-amd64/lib/libjli.so
7b62ad6ac000-7b62ad6ad000 r--p 0000f000 08:25 2543582                    /usr/lib/jvm/java-21-openjdk-amd64/lib/libjli.so
7b62ad6ad000-7b62ad6ae000 rw-p 00010000 08:25 2543582                    /usr/lib/jvm/java-21-openjdk-amd64/lib/libjli.so
7b62ad6ae000-7b62ad6b0000 r--p 00000000 08:25 1869333                    /usr/lib/x86_64-linux-gnu/libz.so.1.3
7b62ad6b0000-7b62ad6c2000 r-xp 00002000 08:25 1869333                    /usr/lib/x86_64-linux-gnu/libz.so.1.3
7b62ad6c2000-7b62ad6c8000 r--p 00014000 08:25 1869333                    /usr/lib/x86_64-linux-gnu/libz.so.1.3
7b62ad6c8000-7b62ad6c9000 r--p 0001a000 08:25 1869333                    /usr/lib/x86_64-linux-gnu/libz.so.1.3
7b62ad6c9000-7b62ad6ca000 rw-p 0001b000 08:25 1869333                    /usr/lib/x86_64-linux-gnu/libz.so.1.3
7b62ad6ca000-7b62ad6d2000 rw-s 00000000 08:25 2761591                    /tmp/hsperfdata_edu/7273
7b62ad6d2000-7b62ad6d3000 ---p 00000000 00:00 0 
7b62ad6d3000-7b62ad6d4000 r--p 00000000 00:00 0 
7b62ad6d4000-7b62ad6d5000 ---p 00000000 00:00 0 
7b62ad6d5000-7b62ad6d7000 r--p 00000000 08:25 2543581                    /usr/lib/jvm/java-21-openjdk-amd64/lib/libjimage.so
7b62ad6d7000-7b62ad6da000 r-xp 00002000 08:25 2543581                    /usr/lib/jvm/java-21-openjdk-amd64/lib/libjimage.so
7b62ad6da000-7b62ad6db000 r--p 00005000 08:25 2543581                    /usr/lib/jvm/java-21-openjdk-amd64/lib/libjimage.so
7b62ad6db000-7b62ad6dc000 r--p 00006000 08:25 2543581                    /usr/lib/jvm/java-21-openjdk-amd64/lib/libjimage.so
7b62ad6dc000-7b62ad6dd000 rw-p 00007000 08:25 2543581                    /usr/lib/jvm/java-21-openjdk-amd64/lib/libjimage.so
7b62ad6dd000-7b62ad6df000 rw-p 00000000 00:00 0 
7b62ad6df000-7b62ad6e0000 r--p 00000000 08:25 1867323                    /usr/lib/x86_64-linux-gnu/ld-linux-x86-64.so.2
7b62ad6e0000-7b62ad70b000 r-xp 00001000 08:25 1867323                    /usr/lib/x86_64-linux-gnu/ld-linux-x86-64.so.2
7b62ad70b000-7b62ad715000 r--p 0002c000 08:25 1867323                    /usr/lib/x86_64-linux-gnu/ld-linux-x86-64.so.2
7b62ad715000-7b62ad717000 r--p 00036000 08:25 1867323                    /usr/lib/x86_64-linux-gnu/ld-linux-x86-64.so.2
7b62ad717000-7b62ad719000 rw-p 00038000 08:25 1867323                    /usr/lib/x86_64-linux-gnu/ld-linux-x86-64.so.2
7ffea7828000-7ffea7849000 rw-p 00000000 00:00 0                          [stack]
7ffea78c8000-7ffea78cc000 r--p 00000000 00:00 0                          [vvar]
7ffea78cc000-7ffea78ce000 r-xp 00000000 00:00 0                          [vdso]
ffffffffff600000-ffffffffff601000 --xp 00000000 00:00 0                  [vsyscall]
Total number of mappings: 133


VM Arguments:
jvm_args: -Dclassworlds.conf=/usr/lib/apache-netbeans/java/maven/bin/m2.conf -Dmaven.home=/usr/lib/apache-netbeans/java/maven -Dlibrary.jansi.path=/usr/lib/apache-netbeans/java/maven/lib/jansi-native -Dmaven.multiModuleProjectDirectory=/home/edu/IPC2-2025/LENGUAJES/Analizador-3/AnalizadorLexico 
java_command: org.codehaus.plexus.classworlds.launcher.Launcher -Dexec.vmArgs= -Dexec.args=${exec.vmArgs} -classpath %classpath ${exec.mainClass} ${exec.appArgs} -Dexec.appArgs= -Dexec.mainClass=com.mycompany.analizadorlexico.AnalizadorLexico -Dexec.executable=/usr/lib/jvm/java-21-openjdk-amd64/bin/java -Dmaven.ext.class.path=/usr/lib/apache-netbeans/java/maven-nblib/netbeans-eventspy.jar --no-transfer-progress process-classes org.codehaus.mojo:exec-maven-plugin:3.1.0:exec
java_class_path (initial): /usr/lib/apache-netbeans/java/maven/boot/plexus-classworlds-2.8.0.jar
Launcher Type: SUN_STANDARD

[Global flags]
     intx CICompilerCount                          = 4                                         {product} {ergonomic}
     uint ConcGCThreads                            = 3                                         {product} {ergonomic}
     uint G1ConcRefinementThreads                  = 10                                        {product} {ergonomic}
   size_t G1HeapRegionSize                         = 1048576                                   {product} {ergonomic}
    uintx GCDrainStackTargetSize                   = 64                                        {product} {ergonomic}
   size_t InitialHeapSize                          = 127926272                                 {product} {ergonomic}
   size_t MarkStackSize                            = 4194304                                   {product} {ergonomic}
   size_t MaxHeapSize                              = 2040528896                                {product} {ergonomic}
   size_t MaxNewSize                               = 1223688192                                {product} {ergonomic}
   size_t MinHeapDeltaBytes                        = 1048576                                   {product} {ergonomic}
   size_t MinHeapSize                              = 8388608                                   {product} {ergonomic}
    uintx NonNMethodCodeHeapSize                   = 5839372                                {pd product} {ergonomic}
    uintx NonProfiledCodeHeapSize                  = 122909434                              {pd product} {ergonomic}
    uintx ProfiledCodeHeapSize                     = 122909434                              {pd product} {ergonomic}
    uintx ReservedCodeCacheSize                    = 251658240                              {pd product} {ergonomic}
     bool SegmentedCodeCache                       = true                                      {product} {ergonomic}
   size_t SoftMaxHeapSize                          = 2040528896                             {manageable} {ergonomic}
     bool UseCompressedOops                        = true                           {product lp64_product} {ergonomic}
     bool UseG1GC                                  = true                                      {product} {ergonomic}

Logging:
Log output configuration:
 #0: stdout all=warning uptime,level,tags foldmultilines=false
 #1: stderr all=off uptime,level,tags foldmultilines=false

Environment Variables:
JAVA_HOME=/usr/lib/jvm/java-21-openjdk-amd64
PATH=/usr/local/sbin:/usr/local/bin:/usr/sbin:/usr/bin:/sbin:/bin:/usr/games:/usr/local/games:/snap/bin
SHELL=/bin/bash
DISPLAY=:0
LANG=es_GT.UTF-8

Active Locale:
LC_ALL=C
LC_COLLATE=C
LC_CTYPE=C
LC_MESSAGES=C
LC_MONETARY=C
LC_NUMERIC=C
LC_TIME=C

Signal Handlers:
   SIGSEGV: crash_handler in libjvm.so, mask=11100100010111111101111111111110, flags=SA_RESTART|SA_SIGINFO, unblocked
    SIGBUS: crash_handler in libjvm.so, mask=11100100010111111101111111111110, flags=SA_RESTART|SA_SIGINFO, unblocked
    SIGFPE: crash_handler in libjvm.so, mask=11100100010111111101111111111110, flags=SA_RESTART|SA_SIGINFO, unblocked
   SIGPIPE: javaSignalHandler in libjvm.so, mask=11100100010111111101111111111110, flags=SA_RESTART|SA_SIGINFO, blocked
   SIGXFSZ: javaSignalHandler in libjvm.so, mask=11100100010111111101111111111110, flags=SA_RESTART|SA_SIGINFO, blocked
    SIGILL: crash_handler in libjvm.so, mask=11100100010111111101111111111110, flags=SA_RESTART|SA_SIGINFO, unblocked
   SIGUSR2: SR_handler in libjvm.so, mask=00000000000000000000000000000000, flags=SA_RESTART|SA_SIGINFO, blocked
    SIGHUP: SIG_DFL, mask=00000000000000000000000000000000, flags=none, blocked
    SIGINT: SIG_IGN, mask=00000000000000000000000000000000, flags=none, blocked
   SIGTERM: SIG_DFL, mask=00000000000000000000000000000000, flags=none, blocked
   SIGQUIT: UserHandler in libjvm.so, mask=11100100010111111101111111111110, flags=SA_RESTART|SA_SIGINFO, blocked
   SIGTRAP: crash_handler in libjvm.so, mask=11100100010111111101111111111110, flags=SA_RESTART|SA_SIGINFO, unblocked


Periodic native trim disabled

---------------  S Y S T E M  ---------------

OS:
DISTRIB_ID=LinuxMint
DISTRIB_RELEASE=22.1
DISTRIB_CODENAME=xia
DISTRIB_DESCRIPTION="Linux Mint 22.1 Xia"
uname: Linux 6.8.0-51-generic #52-Ubuntu SMP PREEMPT_DYNAMIC Thu Dec  5 13:09:44 UTC 2024 x86_64
OS uptime: 0 days 4:14 hours
libc: glibc 2.39 NPTL 2.39 
rlimit (soft/hard): STACK 8192k/infinity , CORE 0k/infinity , NPROC 30798/30798 , NOFILE 1048576/1048576 , AS infinity/infinity , CPU infinity/infinity , DATA infinity/infinity , FSIZE infinity/infinity , MEMLOCK 995356k/995356k
load average: 4.51 1.81 1.05

/proc/meminfo:
MemTotal:        7962868 kB
MemFree:         2127280 kB
MemAvailable:    3648316 kB
Buffers:           18600 kB
Cached:          2032744 kB
SwapCached:        10600 kB
Active:          2426508 kB
Inactive:        2474308 kB
Active(anon):    2090012 kB
Inactive(anon):  1182376 kB
Active(file):     336496 kB
Inactive(file):  1291932 kB
Unevictable:      188748 kB
Mlocked:              64 kB
SwapTotal:      15997944 kB
SwapFree:       14888952 kB
Zswap:                 0 kB
Zswapped:              0 kB
Dirty:            261572 kB
Writeback:           180 kB
AnonPages:       3028832 kB
Mapped:           484508 kB
Shmem:            422816 kB
KReclaimable:     237932 kB
Slab:             395820 kB
SReclaimable:     237932 kB
SUnreclaim:       157888 kB
KernelStack:       17540 kB
PageTables:        49148 kB
SecPageTables:         0 kB
NFS_Unstable:          0 kB
Bounce:                0 kB
WritebackTmp:          0 kB
CommitLimit:    19979376 kB
Committed_AS:   20974388 kB
VmallocTotal:   34359738367 kB
VmallocUsed:       43644 kB
VmallocChunk:          0 kB
Percpu:             7824 kB
HardwareCorrupted:     0 kB
AnonHugePages:         0 kB
ShmemHugePages:        0 kB
ShmemPmdMapped:        0 kB
FileHugePages:         0 kB
FilePmdMapped:         0 kB
Unaccepted:            0 kB
HugePages_Total:       0
HugePages_Free:        0
HugePages_Rsvd:        0
HugePages_Surp:        0
Hugepagesize:       2048 kB
Hugetlb:               0 kB
DirectMap4k:      180772 kB
DirectMap2M:     4896768 kB
DirectMap1G:     3145728 kB

/sys/kernel/mm/transparent_hugepage/enabled: always [madvise] never
/sys/kernel/mm/transparent_hugepage/hpage_pmd_size: 2097152
/sys/kernel/mm/transparent_hugepage/defrag (defrag/compaction efforts parameter): always defer defer+madvise [madvise] never

Process Memory:
Virtual Size: 4035656K (peak: 4096704K)
Resident Set Size: 37556K (peak: 37556K) (anon: 19584K, file: 17972K, shmem: 0K)
Swapped out: 0K
C-Heap outstanding allocations: 27756K, retained: 979K
glibc malloc tunables: (default)

/proc/sys/kernel/threads-max (system-wide limit on the number of threads): 61597
/proc/sys/vm/max_map_count (maximum number of memory map areas a process may have): 1048576
/proc/sys/vm/swappiness (control to define how aggressively the kernel swaps out anonymous memory): 60
/proc/sys/kernel/pid_max (system-wide limit on number of process identifiers): 4194304

container (cgroup) information:
container_type: cgroupv2
cpu_cpuset_cpus: not supported
cpu_memory_nodes: not supported
active_processor_count: 12
cpu_quota: no quota
cpu_period: 100000
cpu_shares: no shares
memory_limit_in_bytes: unlimited
memory_and_swap_limit_in_bytes: unlimited
memory_soft_limit_in_bytes: unlimited
memory_usage_in_bytes: 3751076 k
memory_max_usage_in_bytes: not supported
memory_swap_current_in_bytes: 623492 k
memory_swap_max_limit_in_bytes: unlimited
maximum number of tasks: unlimited
current number of tasks: 584

Steal ticks since vm start: 0
Steal ticks percentage since vm start:  0.000

CPU: total 12 (initial active 12) (6 cores per cpu, 2 threads per core) family 6 model 165 stepping 3 microcode 0xfc, cx8, cmov, fxsr, ht, mmx, 3dnowpref, sse, sse2, sse3, ssse3, sse4.1, sse4.2, popcnt, lzcnt, tsc, tscinvbit, avx, avx2, aes, erms, clmul, bmi1, bmi2, adx, fma, vzeroupper, clflush, clflushopt, rdtscp, f16c
CPU Model and flags from /proc/cpuinfo:
model name	: Intel(R) Core(TM) i5-10400 CPU @ 2.90GHz
flags		: fpu vme de pse tsc msr pae mce cx8 apic sep mtrr pge mca cmov pat pse36 clflush dts acpi mmx fxsr sse sse2 ss ht tm pbe syscall nx pdpe1gb rdtscp lm constant_tsc art arch_perfmon pebs bts rep_good nopl xtopology nonstop_tsc cpuid aperfmperf pni pclmulqdq dtes64 monitor ds_cpl vmx est tm2 ssse3 sdbg fma cx16 xtpr pdcm pcid sse4_1 sse4_2 x2apic movbe popcnt tsc_deadline_timer aes xsave avx f16c rdrand lahf_lm abm 3dnowprefetch cpuid_fault epb ssbd ibrs ibpb stibp ibrs_enhanced tpr_shadow flexpriority ept vpid ept_ad fsgsbase tsc_adjust bmi1 avx2 smep bmi2 erms invpcid mpx rdseed adx smap clflushopt intel_pt xsaveopt xsavec xgetbv1 xsaves dtherm ida arat pln pts hwp hwp_notify hwp_act_window hwp_epp vnmi md_clear flush_l1d arch_capabilities

Online cpus: 0-11
Offline cpus: 
BIOS frequency limitation: <Not Available>
Frequency switch latency (ns): 0
Available cpu frequencies: <Not Available>
Current governor: powersave
Core performance/turbo boost: <Not Available>

Memory: 4k page, physical 7962868k(3649228k free), swap 15997944k(14888952k free)
Page Sizes: 4k

vm_info: OpenJDK 64-Bit Server VM (21.0.6+7-Ubuntu-124.04.1) for linux-amd64 JRE (21.0.6+7-Ubuntu-124.04.1), built on 2025-01-23T22:52:35Z by "buildd" with gcc 13.3.0

END.
